<?xml version="1.0" encoding="UTF-8"?>
<!-- Generated by org.testng.reporters.JUnitReportReporter -->
<testsuite hostname="DESKTOP-1H79L4T" failures="0" tests="1" name="Demo.FlipkartTest" time="15.934" errors="0" timestamp="2023-07-25T14:02:33 IST" skipped="0">
  <testcase classname="Demo.FlipkartTest" name="flipkartOpen" time="15.934"/>
  <system-out/>
</testsuite> <!-- Demo.FlipkartTest -->
